生成启动时间为 2018/6/28 20:41:03。
     1>项目“E:\BaiduNetdiskDownload\3DVersion\3DVersion\3DVersion.vcxproj”在节点 2 上(Rebuild 个目标)。
     1>C:\Program Files (x86)\MSBuild\Microsoft.Cpp\v4.0\V120\Microsoft.CppBuild.targets(388,5): warning MSB8028: The intermediate directory (x64\Debug\) contains files shared from another project (ConsoleApplication2.vcxproj).  This can lead to incorrect clean and rebuild behavior.
     1>ClCompile:
         C:\Program Files (x86)\Microsoft Visual Studio 12.0\VC\bin\x86_amd64\CL.exe /c /Zi /nologo /W1 /WX- /Od /Gm- /EHsc /MD /GS /fp:precise /Zc:wchar_t /Zc:forScope /Fo"x64\Debug\\" /Fd"x64\Debug\vc120.pdb" /Gd /TP /errorReport:prompt buildFeatures.cpp Feature.cpp Image.cpp main.cpp Patch.cpp Sparse.cpp Tex.cpp
         buildFeatures.cpp
     1>buildFeatures.cpp : warning C4819: 该文件包含不能在当前代码页(936)中表示的字符。请将该文件保存为 Unicode 格式以防止数据丢失
     1>e:\baidunetdiskdownload\3dversion\3dversion\Matmxn.hpp : warning C4819: 该文件包含不能在当前代码页(936)中表示的字符。请将该文件保存为 Unicode 格式以防止数据丢失
         Feature.cpp
     1>e:\baidunetdiskdownload\3dversion\3dversion\Matmxn.hpp : warning C4819: 该文件包含不能在当前代码页(936)中表示的字符。请将该文件保存为 Unicode 格式以防止数据丢失
         Image.cpp
     1>e:\baidunetdiskdownload\3dversion\3dversion\Matmxn.hpp : warning C4819: 该文件包含不能在当前代码页(936)中表示的字符。请将该文件保存为 Unicode 格式以防止数据丢失
         main.cpp
     1>main.cpp : warning C4819: 该文件包含不能在当前代码页(936)中表示的字符。请将该文件保存为 Unicode 格式以防止数据丢失
     1>e:\baidunetdiskdownload\3dversion\3dversion\Matmxn.hpp : warning C4819: 该文件包含不能在当前代码页(936)中表示的字符。请将该文件保存为 Unicode 格式以防止数据丢失
         Patch.cpp
     1>Patch.cpp : warning C4819: 该文件包含不能在当前代码页(936)中表示的字符。请将该文件保存为 Unicode 格式以防止数据丢失
     1>e:\baidunetdiskdownload\3dversion\3dversion\Matmxn.hpp : warning C4819: 该文件包含不能在当前代码页(936)中表示的字符。请将该文件保存为 Unicode 格式以防止数据丢失
         Sparse.cpp
     1>e:\baidunetdiskdownload\3dversion\3dversion\Matmxn.hpp : warning C4819: 该文件包含不能在当前代码页(936)中表示的字符。请将该文件保存为 Unicode 格式以防止数据丢失
         Tex.cpp
         正在生成代码...
       Link:
         C:\Program Files (x86)\Microsoft Visual Studio 12.0\VC\bin\x86_amd64\link.exe /ERRORREPORT:PROMPT /OUT:"E:\BaiduNetdiskDownload\3DVersion\x64\Debug\3DVersion.exe" /NOLOGO opencv_calib3d249d.lib opencv_contrib249d.lib opencv_core249.lib opencv_core249d.lib opencv_features2d249.lib opencv_features2d249d.lib opencv_flann249.lib opencv_flann249d.lib opencv_gpu249.lib opencv_gpu249d.lib opencv_highgui249.lib opencv_highgui249d.lib opencv_imgproc249.lib opencv_imgproc249d.lib opencv_legacy249.lib opencv_legacy249d.lib opencv_ml249.lib opencv_ml249d.lib opencv_nonfree249.lib opencv_nonfree249d.lib opencv_objdetect249.lib opencv_objdetect249d.lib opencv_ocl249.lib opencv_ocl249d.lib opencv_photo249.lib opencv_photo249d.lib opencv_stitching249.lib opencv_stitching249d.lib opencv_superres249.lib opencv_superres249d.lib opencv_ts249.lib opencv_ts249d.lib opencv_video249.lib opencv_video249d.lib opencv_videostab249.lib opencv_videostab249d.lib kernel32.lib user32.lib gdi32.lib winspool.lib comdlg32.lib advapi32.lib shell32.lib ole32.lib oleaut32.lib uuid.lib odbc32.lib odbccp32.lib /MANIFEST /MANIFESTUAC:"level='asInvoker' uiAccess='false'" /manifest:embed /DEBUG /PDB:"E:\BaiduNetdiskDownload\3DVersion\x64\Debug\3DVersion.pdb" /TLBID:1 /DYNAMICBASE /NXCOMPAT /IMPLIB:"E:\BaiduNetdiskDownload\3DVersion\x64\Debug\3DVersion.lib" /MACHINE:X64 x64\Debug\buildFeatures.obj
         x64\Debug\Feature.obj
         x64\Debug\Image.obj
         x64\Debug\main.obj
         x64\Debug\Patch.obj
         x64\Debug\Sparse.obj
         x64\Debug\Tex.obj
         3DVersion.vcxproj -> E:\BaiduNetdiskDownload\3DVersion\x64\Debug\3DVersion.exe
     1>已完成生成项目“E:\BaiduNetdiskDownload\3DVersion\3DVersion\3DVersion.vcxproj”(Rebuild 个目标)的操作。

生成成功。

已用时间 00:00:05.44
