生成启动时间为 2018/2/17 9:18:24。
     1>项目“E:\project\ConsoleApplication3\ConsoleApplication2\ConsoleApplication2.vcxproj”在节点 2 上(Build 个目标)。
     1>ClCompile:
         D:\Program Files (x86)\Microsoft Visual Studio 12.0\VC\bin\x86_amd64\CL.exe /c /Zi /nologo /W1 /WX- /O2 /Gm- /EHsc /MD /GS /fp:precise /Zc:wchar_t /Zc:forScope /Fo"x64\Release\\" /Fd"x64\Release\vc120.pdb" /Gd /TP /errorReport:prompt buildFeatures.cpp Feature.cpp Image.cpp main.cpp Patch.cpp Sparse.cpp Tex.cpp
         buildFeatures.cpp
     1>buildFeatures.cpp : warning C4819: 该文件包含不能在当前代码页(936)中表示的字符。请将该文件保存为 Unicode 格式以防止数据丢失
     1>buildFeatures.cpp(1): fatal error C1083: 无法打开包括文件: “opencv2/opencv.hpp”: No such file or directory
         Feature.cpp
     1>Feature.cpp : warning C4819: 该文件包含不能在当前代码页(936)中表示的字符。请将该文件保存为 Unicode 格式以防止数据丢失
     1>e:\project\consoleapplication3\consoleapplication2\Feature.hpp : warning C4819: 该文件包含不能在当前代码页(936)中表示的字符。请将该文件保存为 Unicode 格式以防止数据丢失
     1>e:\project\consoleapplication3\consoleapplication2\Feature.hpp(11): fatal error C1083: 无法打开包括文件: “opencv2/opencv.hpp”: No such file or directory
         Image.cpp
     1>Image.cpp : warning C4819: 该文件包含不能在当前代码页(936)中表示的字符。请将该文件保存为 Unicode 格式以防止数据丢失
     1>e:\project\consoleapplication3\consoleapplication2\Image.hpp : warning C4819: 该文件包含不能在当前代码页(936)中表示的字符。请将该文件保存为 Unicode 格式以防止数据丢失
     1>e:\project\consoleapplication3\consoleapplication2\Image.hpp(11): fatal error C1083: 无法打开包括文件: “opencv2/opencv.hpp”: No such file or directory
         main.cpp
     1>main.cpp : warning C4819: 该文件包含不能在当前代码页(936)中表示的字符。请将该文件保存为 Unicode 格式以防止数据丢失
     1>e:\project\consoleapplication3\consoleapplication2\Image.hpp : warning C4819: 该文件包含不能在当前代码页(936)中表示的字符。请将该文件保存为 Unicode 格式以防止数据丢失
     1>e:\project\consoleapplication3\consoleapplication2\Image.hpp(11): fatal error C1083: 无法打开包括文件: “opencv2/opencv.hpp”: No such file or directory
         Patch.cpp
     1>Patch.cpp : warning C4819: 该文件包含不能在当前代码页(936)中表示的字符。请将该文件保存为 Unicode 格式以防止数据丢失
     1>e:\project\consoleapplication3\consoleapplication2\Patch.hpp : warning C4819: 该文件包含不能在当前代码页(936)中表示的字符。请将该文件保存为 Unicode 格式以防止数据丢失
     1>e:\project\consoleapplication3\consoleapplication2\Patch.hpp(11): fatal error C1083: 无法打开包括文件: “opencv2/opencv.hpp”: No such file or directory
         Sparse.cpp
     1>Sparse.cpp : warning C4819: 该文件包含不能在当前代码页(936)中表示的字符。请将该文件保存为 Unicode 格式以防止数据丢失
     1>e:\project\consoleapplication3\consoleapplication2\Sparse.hpp : warning C4819: 该文件包含不能在当前代码页(936)中表示的字符。请将该文件保存为 Unicode 格式以防止数据丢失
     1>e:\project\consoleapplication3\consoleapplication2\Sparse.hpp(12): fatal error C1083: 无法打开包括文件: “opencv2/opencv.hpp”: No such file or directory
         Tex.cpp
     1>Tex.cpp : warning C4819: 该文件包含不能在当前代码页(936)中表示的字符。请将该文件保存为 Unicode 格式以防止数据丢失
     1>e:\project\consoleapplication3\consoleapplication2\Tex.hpp : warning C4819: 该文件包含不能在当前代码页(936)中表示的字符。请将该文件保存为 Unicode 格式以防止数据丢失
     1>e:\project\consoleapplication3\consoleapplication2\Tex.hpp(12): fatal error C1083: 无法打开包括文件: “opencv2/opencv.hpp”: No such file or directory
         正在生成代码...
     1>已完成生成项目“E:\project\ConsoleApplication3\ConsoleApplication2\ConsoleApplication2.vcxproj”(Build 个目标)的操作 - 失败。

生成失败。

已用时间 00:00:01.31
