生成启动时间为 2018/6/28 20:40:42。
     1>项目“E:\BaiduNetdiskDownload\3DVersion\3DVersion\3DVersion.vcxproj”在节点 2 上(Rebuild 个目标)。
     1>C:\Program Files (x86)\MSBuild\Microsoft.Cpp\v4.0\V120\Microsoft.CppBuild.targets(388,5): warning MSB8028: The intermediate directory (Debug\) contains files shared from another project (ConsoleApplication2.vcxproj).  This can lead to incorrect clean and rebuild behavior.
     1>ClCompile:
         C:\Program Files (x86)\Microsoft Visual Studio 12.0\VC\bin\CL.exe /c /ZI /nologo /W3 /WX- /Od /Oy- /D WIN32 /D _DEBUG /D _CONSOLE /D _LIB /D _UNICODE /D UNICODE /Gm /EHsc /RTC1 /MDd /GS /fp:precise /Zc:wchar_t /Zc:forScope /Fo"Debug\\" /Fd"Debug\vc120.pdb" /Gd /TP /analyze- /errorReport:prompt buildFeatures.cpp Feature.cpp Image.cpp main.cpp Patch.cpp Sparse.cpp Tex.cpp
         Tex.cpp
     1>e:\baidunetdiskdownload\3dversion\3dversion\tex.cpp(15): warning C4018: “<”: 有符号/无符号不匹配
     1>e:\baidunetdiskdownload\3dversion\3dversion\tex.cpp(28): warning C4018: “<”: 有符号/无符号不匹配
     1>e:\baidunetdiskdownload\3dversion\3dversion\tex.cpp(57): warning C4244: “=”: 从“double”转换到“int”，可能丢失数据
     1>e:\baidunetdiskdownload\3dversion\3dversion\tex.cpp(61): warning C4244: “=”: 从“double”转换到“int”，可能丢失数据
     1>e:\baidunetdiskdownload\3dversion\3dversion\tex.cpp(65): warning C4244: “=”: 从“double”转换到“int”，可能丢失数据
     1>e:\baidunetdiskdownload\3dversion\3dversion\tex.cpp(69): warning C4244: “=”: 从“double”转换到“int”，可能丢失数据
         Sparse.cpp
     1>e:\baidunetdiskdownload\3dversion\3dversion\matmxn.hpp : warning C4819: 该文件包含不能在当前代码页(936)中表示的字符。请将该文件保存为 Unicode 格式以防止数据丢失
     1>e:\baidunetdiskdownload\3dversion\3dversion\sparse.cpp(14): warning C4018: “<”: 有符号/无符号不匹配
     1>e:\baidunetdiskdownload\3dversion\3dversion\sparse.cpp(16): warning C4018: “<”: 有符号/无符号不匹配
     1>e:\baidunetdiskdownload\3dversion\3dversion\sparse.cpp(128): warning C4018: “<”: 有符号/无符号不匹配
         Patch.cpp
     1>e:\baidunetdiskdownload\3dversion\3dversion\patch.cpp : warning C4819: 该文件包含不能在当前代码页(936)中表示的字符。请将该文件保存为 Unicode 格式以防止数据丢失
     1>e:\baidunetdiskdownload\3dversion\3dversion\matmxn.hpp : warning C4819: 该文件包含不能在当前代码页(936)中表示的字符。请将该文件保存为 Unicode 格式以防止数据丢失
     1>e:\baidunetdiskdownload\3dversion\3dversion\patch.cpp(169): warning C4101: “e”: 未引用的局部变量
     1>e:\baidunetdiskdownload\3dversion\3dversion\patch.cpp(196): warning C4018: “<”: 有符号/无符号不匹配
     1>e:\baidunetdiskdownload\3dversion\3dversion\patch.cpp(202): warning C4018: “<”: 有符号/无符号不匹配
     1>e:\baidunetdiskdownload\3dversion\3dversion\patch.cpp(218): warning C4018: “<”: 有符号/无符号不匹配
         main.cpp
     1>e:\baidunetdiskdownload\3dversion\3dversion\main.cpp : warning C4819: 该文件包含不能在当前代码页(936)中表示的字符。请将该文件保存为 Unicode 格式以防止数据丢失
     1>e:\baidunetdiskdownload\3dversion\3dversion\matmxn.hpp : warning C4819: 该文件包含不能在当前代码页(936)中表示的字符。请将该文件保存为 Unicode 格式以防止数据丢失
         Image.cpp
     1>e:\baidunetdiskdownload\3dversion\3dversion\matmxn.hpp : warning C4819: 该文件包含不能在当前代码页(936)中表示的字符。请将该文件保存为 Unicode 格式以防止数据丢失
     1>e:\baidunetdiskdownload\3dversion\3dversion\image.cpp(52): warning C4018: “<”: 有符号/无符号不匹配
     1>e:\baidunetdiskdownload\3dversion\3dversion\image.cpp(100): warning C4244: “参数”: 从“double”转换到“float”，可能丢失数据
         Feature.cpp
     1>e:\baidunetdiskdownload\3dversion\3dversion\matmxn.hpp : warning C4819: 该文件包含不能在当前代码页(936)中表示的字符。请将该文件保存为 Unicode 格式以防止数据丢失
         buildFeatures.cpp
     1>e:\baidunetdiskdownload\3dversion\3dversion\buildfeatures.cpp : warning C4819: 该文件包含不能在当前代码页(936)中表示的字符。请将该文件保存为 Unicode 格式以防止数据丢失
     1>e:\baidunetdiskdownload\3dversion\3dversion\matmxn.hpp : warning C4819: 该文件包含不能在当前代码页(936)中表示的字符。请将该文件保存为 Unicode 格式以防止数据丢失
     1>e:\baidunetdiskdownload\3dversion\3dversion\buildfeatures.cpp(26): warning C4018: “<”: 有符号/无符号不匹配
     1>e:\baidunetdiskdownload\3dversion\3dversion\buildfeatures.cpp(27): warning C4018: “<”: 有符号/无符号不匹配
     1>e:\baidunetdiskdownload\3dversion\3dversion\buildfeatures.cpp(60): warning C4018: “<”: 有符号/无符号不匹配
     1>e:\baidunetdiskdownload\3dversion\3dversion\buildfeatures.cpp(63): warning C4018: “<”: 有符号/无符号不匹配
         正在生成代码...
       Link:
         C:\Program Files (x86)\Microsoft Visual Studio 12.0\VC\bin\link.exe /ERRORREPORT:PROMPT /OUT:"E:\BaiduNetdiskDownload\3DVersion\Debug\3DVersion.exe" /INCREMENTAL /NOLOGO opencv_ml249d.lib opencv_calib3d249d.lib opencv_contrib249d.lib opencv_core249d.lib opencv_features2d249d.lib opencv_flann249d.lib opencv_gpu249d.lib opencv_highgui249d.lib opencv_imgproc249d.lib opencv_legacy249d.lib opencv_objdetect249d.lib opencv_ts249d.lib opencv_video249d.lib opencv_nonfree249d.lib opencv_ocl249d.lib opencv_photo249d.lib opencv_stitching249d.lib opencv_superres249d.lib opencv_videostab249d.lib opencv_objdetect249.lib opencv_ts249.lib opencv_video249.lib opencv_nonfree249.lib opencv_ocl249.lib opencv_photo249.lib opencv_stitching249.lib opencv_superres249.lib opencv_videostab249.lib opencv_calib3d249.lib opencv_contrib249.lib opencv_core249.lib opencv_features2d249.lib opencv_flann249.lib opencv_gpu249.lib opencv_highgui249.lib opencv_imgproc249.lib opencv_legacy249.lib opencv_ml249.lib kernel32.lib user32.lib gdi32.lib winspool.lib comdlg32.lib advapi32.lib shell32.lib ole32.lib oleaut32.lib uuid.lib odbc32.lib odbccp32.lib /MANIFEST /MANIFESTUAC:"level='asInvoker' uiAccess='false'" /manifest:embed /DEBUG /PDB:"E:\BaiduNetdiskDownload\3DVersion\Debug\3DVersion.pdb" /SUBSYSTEM:CONSOLE /TLBID:1 /DYNAMICBASE /NXCOMPAT /IMPLIB:"E:\BaiduNetdiskDownload\3DVersion\Debug\3DVersion.lib" /MACHINE:X86 Debug\buildFeatures.obj
         Debug\Feature.obj
         Debug\Image.obj
         Debug\main.obj
         Debug\Patch.obj
         Debug\Sparse.obj
         Debug\Tex.obj
     1>opencv_highgui249d.lib(opencv_highgui249d.dll) : fatal error LNK1112: 模块计算机类型“x64”与目标计算机类型“X86”冲突
     1>已完成生成项目“E:\BaiduNetdiskDownload\3DVersion\3DVersion\3DVersion.vcxproj”(Rebuild 个目标)的操作 - 失败。

生成失败。

已用时间 00:00:06.38
