生成启动时间为 2018/6/19 20:18:30。
     1>项目“E:\BaiduNetdiskDownload\ConsoleApplication3\ConsoleApplication2\ConsoleApplication2.vcxproj”在节点 2 上(Build 个目标)。
     1>ClCompile:
         C:\Program Files (x86)\Microsoft Visual Studio 12.0\VC\bin\CL.exe /c /ZI /nologo /W3 /WX- /Od /Oy- /D WIN32 /D _DEBUG /D _CONSOLE /D _LIB /D _UNICODE /D UNICODE /Gm /EHsc /RTC1 /MDd /GS /fp:precise /Zc:wchar_t /Zc:forScope /Fo"Debug\\" /Fd"Debug\vc120.pdb" /Gd /TP /analyze- /errorReport:prompt Sparse.cpp
         Sparse.cpp
     1>e:\baidunetdiskdownload\consoleapplication3\consoleapplication2\matmxn.hpp : warning C4819: 该文件包含不能在当前代码页(936)中表示的字符。请将该文件保存为 Unicode 格式以防止数据丢失
     1>e:\baidunetdiskdownload\consoleapplication3\consoleapplication2\sparse.cpp(14): warning C4018: “<”: 有符号/无符号不匹配
     1>e:\baidunetdiskdownload\consoleapplication3\consoleapplication2\sparse.cpp(16): warning C4018: “<”: 有符号/无符号不匹配
     1>e:\baidunetdiskdownload\consoleapplication3\consoleapplication2\sparse.cpp(125): warning C4018: “<”: 有符号/无符号不匹配
       Link:
         C:\Program Files (x86)\Microsoft Visual Studio 12.0\VC\bin\link.exe /ERRORREPORT:PROMPT /OUT:"E:\BaiduNetdiskDownload\ConsoleApplication3\Debug\ConsoleApplication2.exe" /INCREMENTAL /NOLOGO opencv_ml249d.lib opencv_calib3d249d.lib opencv_contrib249d.lib opencv_core249d.lib opencv_features2d249d.lib opencv_flann249d.lib opencv_gpu249d.lib opencv_highgui249d.lib opencv_imgproc249d.lib opencv_legacy249d.lib opencv_objdetect249d.lib opencv_ts249d.lib opencv_video249d.lib opencv_nonfree249d.lib opencv_ocl249d.lib opencv_photo249d.lib opencv_stitching249d.lib opencv_superres249d.lib opencv_videostab249d.lib opencv_objdetect249.lib opencv_ts249.lib opencv_video249.lib opencv_nonfree249.lib opencv_ocl249.lib opencv_photo249.lib opencv_stitching249.lib opencv_superres249.lib opencv_videostab249.lib opencv_calib3d249.lib opencv_contrib249.lib opencv_core249.lib opencv_features2d249.lib opencv_flann249.lib opencv_gpu249.lib opencv_highgui249.lib opencv_imgproc249.lib opencv_legacy249.lib opencv_ml249.lib kernel32.lib user32.lib gdi32.lib winspool.lib comdlg32.lib advapi32.lib shell32.lib ole32.lib oleaut32.lib uuid.lib odbc32.lib odbccp32.lib /MANIFEST /MANIFESTUAC:"level='asInvoker' uiAccess='false'" /manifest:embed /DEBUG /PDB:"E:\BaiduNetdiskDownload\ConsoleApplication3\Debug\ConsoleApplication2.pdb" /SUBSYSTEM:CONSOLE /TLBID:1 /DYNAMICBASE /NXCOMPAT /IMPLIB:"E:\BaiduNetdiskDownload\ConsoleApplication3\Debug\ConsoleApplication2.lib" /MACHINE:X86 Debug\buildFeatures.obj
         Debug\Feature.obj
         Debug\Image.obj
         Debug\main.obj
         Debug\Patch.obj
         Debug\Sparse.obj
         Debug\Tex.obj
     1>opencv_highgui249d.lib(opencv_highgui249d.dll) : fatal error LNK1112: 模块计算机类型“x64”与目标计算机类型“X86”冲突
     1>已完成生成项目“E:\BaiduNetdiskDownload\ConsoleApplication3\ConsoleApplication2\ConsoleApplication2.vcxproj”(Build 个目标)的操作 - 失败。

生成失败。

已用时间 00:00:01.11
